\BOOKMARK [0][-]{chapter.1}{\376\377\004\020\004\075\004\075\004\076\004\102\004\060\004\106\004\070\004\117}{}% 1
\BOOKMARK [0][-]{chapter.2}{\376\377\004\022\004\062\004\065\004\064\004\065\004\075\004\070\004\065}{}% 2
\BOOKMARK [1][-]{section.2.1}{\376\377\004\046\004\065\004\073\004\070\000\040\004\100\004\060\004\061\004\076\004\102\004\113}{chapter.2}% 3
\BOOKMARK [1][-]{section.2.2}{\376\377\004\036\004\101\004\075\004\076\004\062\004\075\004\113\004\065\000\040\004\077\004\076\004\075\004\117\004\102\004\070\004\117}{chapter.2}% 4
\BOOKMARK [1][-]{section.2.3}{\376\377\004\037\004\073\004\060\004\075\000\040\004\100\004\060\004\061\004\076\004\102\004\113}{chapter.2}% 5
\BOOKMARK [0][-]{chapter.3}{\376\377\004\041\004\070\004\075\004\105\004\100\004\076\004\075\004\070\004\067\004\060\004\106\004\070\004\117\000\040\004\062\000\040\004\061\004\060\004\067\004\060\004\105\000\040\004\064\004\060\004\075\004\075\004\113\004\105}{}% 6
\BOOKMARK [1][-]{section.3.1}{\376\377\004\021\004\060\004\067\004\113\000\040\004\064\004\060\004\075\004\075\004\113\004\105}{chapter.3}% 7
\BOOKMARK [1][-]{section.3.2}{\376\377\004\034\004\076\004\064\004\065\004\073\004\070\000\040\004\101\004\076\004\063\004\073\004\060\004\101\004\076\004\062\004\060\004\075\004\075\004\076\004\101\004\102\004\070\000\040\000j\000e\000p\000s\000e\000n\000C\000o\000n\000s\000i\000s\000t\000e\000n\000c\000y\000M\000o\000d\000e\000l\000s}{chapter.3}% 8
\BOOKMARK [2][-]{subsection.3.2.1}{\376\377\004\036\004\102\004\075\004\076\004\110\004\065\004\075\004\070\004\117\000\040\004\074\004\065\004\066\004\064\004\103\000\040\004\074\004\076\004\064\004\065\004\073\004\117\004\074\004\070\000\040\004\101\004\076\004\063\004\073\004\060\004\101\004\076\004\062\004\060\004\075\004\075\004\076\004\101\004\102\004\070}{section.3.2}% 9
\BOOKMARK [2][-]{subsection.3.2.2}{\376\377\004\041\004\102\004\100\004\076\004\063\004\060\004\117\000\040\004\101\004\065\004\100\004\070\004\060\004\073\004\070\004\067\004\103\004\065\004\074\004\076\004\101\004\102\004\114\000\040\000\050\004\060\004\075\004\063\004\073\000.\000\040\000S\000t\000r\000i\000c\000t\000\040\000S\000e\000r\000i\000a\000l\000i\000z\000a\000b\000i\000l\000i\000t\000y\000\051}{section.3.2}% 10
\BOOKMARK [2][-]{subsection.3.2.3}{\376\377\004\041\004\065\004\100\004\070\004\060\004\073\004\070\004\067\004\103\004\065\004\074\004\076\004\101\004\102\004\114\000\050\004\060\004\075\004\063\004\073\000.\000\040\000S\000e\000r\000i\000a\000l\000i\000z\000a\000b\000i\000l\000i\000t\000y\000\051}{section.3.2}% 11
\BOOKMARK [2][-]{subsection.3.2.4}{\376\377\004\037\004\076\004\062\004\102\004\076\004\100\004\117\004\065\004\074\004\076\004\065\000\040\004\107\004\102\004\065\004\075\004\070\004\065\000\050\004\060\004\075\004\063\004\073\000.\000\040\000R\000e\000p\000e\000a\000t\000a\000b\000l\000e\000\040\000R\000e\000a\000d\000\040\000\051}{section.3.2}% 12
\BOOKMARK [2][-]{subsection.3.2.5}{\376\377\004\030\004\067\004\076\004\073\004\117\004\106\004\070\004\117\000\040\004\074\004\076\004\074\004\065\004\075\004\102\004\060\004\073\004\114\004\075\004\113\004\105\000\040\004\101\004\075\004\070\004\074\004\072\004\076\004\062\000\050\004\060\004\075\004\063\004\073\000.\000\040\000S\000n\000a\000p\000s\000h\000o\000t\000\040\000I\000s\000o\000l\000a\000t\000i\000o\000n\000\051}{section.3.2}% 13
\BOOKMARK [2][-]{subsection.3.2.6}{\376\377\004\041\004\102\004\060\004\061\004\070\004\073\004\114\004\075\004\076\004\101\004\102\004\114\000\040\004\072\004\103\004\100\004\101\004\076\004\100\004\060\000\050\004\060\004\075\004\063\004\073\000.\000\040\000C\000u\000r\000s\000o\000r\000\040\000S\000t\000a\000b\000i\000l\000i\000t\000y\000\051}{section.3.2}% 14
\BOOKMARK [2][-]{subsection.3.2.7}{\376\377\004\034\004\076\004\075\004\076\004\102\004\076\004\075\004\075\004\076\004\065\000\040\004\060\004\102\004\076\004\074\004\060\004\100\004\075\004\076\004\065\000\040\004\077\004\100\004\065\004\064\004\101\004\102\004\060\004\062\004\073\004\065\004\075\004\070\004\065\000\050\004\060\004\075\004\063\004\073\000.\000\040\000M\000o\000n\000o\000t\000o\000n\000i\000c\000\040\000A\000t\000o\000m\000i\000c\000\040\000V\000i\000e\000w\000\051}{section.3.2}% 15
\BOOKMARK [2][-]{subsection.3.2.8}{\376\377\004\047\004\102\004\065\004\075\004\070\004\065\000\040\004\104\004\070\004\072\004\101\004\070\004\100\004\076\004\062\004\060\004\075\004\075\004\113\004\105\000\040\004\064\004\060\004\075\004\075\004\113\004\105\000\050\004\060\004\075\004\063\004\073\000.\000\040\000R\000e\000a\000d\000\040\000C\000o\000m\000m\000i\000t\000t\000e\000d\000\051}{section.3.2}% 16
\BOOKMARK [2][-]{subsection.3.2.9}{\376\377\004\047\004\102\004\065\004\075\004\070\004\065\000\040\004\075\004\065\004\067\004\060\004\104\004\070\004\072\004\101\004\070\004\100\004\076\004\062\004\060\004\075\004\075\004\113\004\105\000\040\004\064\004\060\004\075\004\075\004\113\004\105\000\050\004\060\004\075\004\063\004\073\000.\000\040\000R\000e\000a\000d\000\040\000U\000n\000c\000o\000m\000m\000i\000t\000t\000e\000d\000\051}{section.3.2}% 17
\BOOKMARK [2][-]{subsection.3.2.10}{\376\377\004\033\004\070\004\075\004\065\004\060\004\100\004\070\004\067\004\103\004\065\004\074\004\076\004\101\004\102\004\114\000\050\004\060\004\075\004\063\004\073\000.\000\040\000L\000i\000n\000e\000a\000r\000i\000z\000a\000b\000i\000l\000i\000t\000y\000\051}{section.3.2}% 18
\BOOKMARK [2][-]{subsection.3.2.11}{\376\377\004\037\004\076\004\101\004\073\004\065\004\064\004\076\004\062\004\060\004\102\004\065\004\073\004\114\004\075\004\060\004\117\000\040\004\101\004\076\004\063\004\073\004\060\004\101\004\076\004\062\004\060\004\075\004\075\004\076\004\101\004\102\004\114\000\050\004\060\004\075\004\063\004\073\000.\000\040\000S\000e\000q\000u\000e\000n\000t\000i\000a\000l\000\040\000C\000o\000n\000s\000i\000s\000t\000e\000n\000c\000y\000\040\000\051}{section.3.2}% 19
\BOOKMARK [2][-]{subsection.3.2.12}{\376\377\004\037\004\100\004\070\004\107\004\070\004\075\004\075\004\060\004\117\000\040\004\101\004\076\004\063\004\073\004\060\004\101\004\076\004\062\004\060\004\075\004\075\004\076\004\101\004\102\004\114\000\050\004\060\004\075\004\063\004\073\000.\000\040\000C\000a\000u\000s\000a\000l\000\040\000C\000o\000n\000s\000i\000s\000t\000e\000n\000c\000y\000\051}{section.3.2}% 20
\BOOKMARK [2][-]{subsection.3.2.13}{\376\377\004\027\004\060\004\077\004\070\004\101\004\070\000\040\004\101\004\073\004\065\004\064\004\103\004\116\004\102\000\040\004\067\004\060\000\040\004\107\004\102\004\065\004\075\004\070\004\117\004\074\004\070\000\050\004\060\004\075\004\063\004\073\000.\000\040\000W\000r\000i\000t\000e\000s\000\040\000F\000o\000l\000l\000o\000w\000\040\000R\000e\000a\000d\000s\000\040\000\051}{section.3.2}% 21
\BOOKMARK [2][-]{subsection.3.2.14}{\376\377\004\032\004\076\004\075\004\062\004\065\004\071\004\065\004\100\004\075\004\060\004\117\000\040\004\036\004\077\004\065\004\100\004\060\004\102\004\070\004\062\004\075\004\060\004\117\000\040\004\037\004\060\004\074\004\117\004\102\004\114\000\050\004\060\004\075\004\063\004\073\000.\000\040\000P\000R\000A\000M\000,\000\040\000P\000i\000p\000e\000l\000i\000n\000e\000\040\000R\000a\000n\000d\000o\000m\000\040\000A\000c\000c\000e\000s\000s\000\040\000M\000e\000m\000o\000r\000y\000\051}{section.3.2}% 22
\BOOKMARK [2][-]{subsection.3.2.15}{\376\377\004\034\004\076\004\075\004\076\004\102\004\076\004\075\004\075\004\113\004\065\000\040\004\107\004\102\004\065\004\075\004\070\004\117\000\050\004\060\004\075\004\063\004\073\000.\000\040\000M\000o\000n\000o\000t\000o\000n\000i\000c\000\040\000R\000e\000a\000d\000s\000\051}{section.3.2}% 23
\BOOKMARK [2][-]{subsection.3.2.16}{\376\377\004\034\004\076\004\075\004\076\004\102\004\076\004\075\004\075\004\113\004\065\000\040\004\067\004\060\004\077\004\070\004\101\004\070\000\050\004\060\004\075\004\063\004\073\000.\000\040\000M\000o\000n\000o\000t\000o\000n\000i\000c\000\040\000W\000r\000i\000t\000e\000s\000\051}{section.3.2}% 24
\BOOKMARK [2][-]{subsection.3.2.17}{\376\377\004\047\004\102\004\065\004\075\004\070\004\065\000\040\004\101\004\062\004\076\004\070\004\105\000\040\004\067\004\060\004\077\004\070\004\101\004\065\004\071\000\050\004\060\004\075\004\063\004\073\000.\000\040\000R\000e\000a\000d\000\040\000Y\000o\000u\000r\000\040\000W\000r\000i\000t\000e\000s\000\051}{section.3.2}% 25
\BOOKMARK [1][-]{section.3.3}{\376\377\004\035\004\060\004\100\004\103\004\110\004\065\004\075\004\070\004\117\000\040\004\101\004\076\004\063\004\073\004\060\004\101\004\076\004\062\004\060\004\075\004\075\004\076\004\101\004\102\004\070}{chapter.3}% 26
\BOOKMARK [2][-]{subsection.3.3.1}{\376\377\004\063\004\100\004\117\004\067\004\075\004\060\004\117\000\040\004\067\004\060\004\077\004\070\004\101\004\114}{section.3.3}% 27
\BOOKMARK [2][-]{subsection.3.3.2}{\376\377\004\063\004\100\004\117\004\067\004\075\004\076\004\065\000\040\004\107\004\102\004\065\004\075\004\070\004\065}{section.3.3}% 28
\BOOKMARK [2][-]{subsection.3.3.3}{\376\377\004\075\004\065\004\077\004\076\004\062\004\102\004\076\004\100\004\117\004\116\004\111\004\065\004\065\004\101\004\117\000\040\004\107\004\102\004\065\004\075\004\070\004\065}{section.3.3}% 29
\BOOKMARK [2][-]{subsection.3.3.4}{\376\377\004\104\004\060\004\075\004\102\004\076\004\074\004\075\004\076\004\065\000\040\004\107\004\102\004\065\004\075\004\070\004\065}{section.3.3}% 30
\BOOKMARK [2][-]{subsection.3.3.5}{\376\377\000G\000-\000c\000u\000r\000s\000o\000r}{section.3.3}% 31
\BOOKMARK [2][-]{subsection.3.3.6}{\376\377\000G\0001}{section.3.3}% 32
\BOOKMARK [0][-]{chapter.4}{\376\377\004\034\004\065\004\102\004\076\004\064\004\076\004\073\004\076\004\063\004\070\004\117\000\040\004\077\004\100\004\076\004\062\004\065\004\100\004\072\004\070\000\040\004\101\004\076\004\063\004\073\004\060\004\101\004\076\004\062\004\060\004\075\004\075\004\076\004\101\004\102\004\070\000\040\004\100\004\060\004\101\004\077\004\100\004\065\004\064\004\065\004\073\004\065\004\075\004\075\004\113\004\105\000\040\004\101\004\070\004\101\004\102\004\065\004\074}{}% 33
\BOOKMARK [1][-]{section.4.1}{\376\377\000J\000e\000p\000s\000e\000n}{chapter.4}% 34
\BOOKMARK [2][-]{subsection.4.1.1}{\376\377\000J\000e\000p\000s\000e\000n\000\040\000a\000n\000d\000\040\000d\000o\000c\000k\000e\000r}{section.4.1}% 35
\BOOKMARK [2][-]{subsection.4.1.2}{\376\377\004\022\004\076\004\067\004\074\004\076\004\066\004\075\004\113\004\065\000\040\004\101\004\061\004\076\004\070}{section.4.1}% 36
\BOOKMARK [2][-]{subsection.4.1.3}{\376\377\004\032\004\060\004\072\000\040\004\060\004\075\004\060\004\073\004\070\004\067\004\070\004\100\004\076\004\062\004\060\004\102\004\114\000\040\004\100\004\065\004\067\004\103\004\073\004\114\004\102\004\060\004\102\004\113}{section.4.1}% 37
\BOOKMARK [1][-]{section.4.2}{\376\377\000E\000l\000l\000e}{chapter.4}% 38
\BOOKMARK [1][-]{section.4.3}{\376\377\004\036\004\061\004\067\004\076\004\100\000\040\004\070\004\101\004\101\004\073\004\065\004\064\004\076\004\062\004\060\004\075\004\070\004\071\000,\000\040\004\062\004\113\004\077\004\076\004\073\004\075\004\065\004\075\004\075\004\113\004\105\000\040\000J\000e\000p\000s\000e\000n}{chapter.4}% 39
\BOOKMARK [2][-]{subsection.4.3.1}{\376\377\000E\000t\000c\000d\000\040\0003\000.\0004\000.\0003\000\040\000e\000t\000c\000d\000A\000n\000a\000l\000y\000s\000e\000s\000\040\000e\000t\000c\000d\000T\000u\000t\000o\000r\000i\000a\000l}{section.4.3}% 40
\BOOKMARK [2][-]{subsection.4.3.2}{\376\377\000M\000o\000n\000g\000o\000D\000B\000\040\0004\000.\0002\000.\0006}{section.4.3}% 41
\BOOKMARK [2][-]{subsection.4.3.3}{\376\377\000P\000o\000s\000t\000g\000r\000e\000S\000Q\000L\000\040\0001\0002\000.\0003}{section.4.3}% 42
\BOOKMARK [0][-]{chapter.5}{\376\377\004\030\004\101\004\101\004\073\004\065\004\064\004\076\004\062\004\060\004\075\004\070\004\065\000\040\004\101\004\076\004\063\004\073\004\060\004\101\004\076\004\062\004\060\004\075\004\075\004\076\004\101\004\102\004\070\000\040\000A\000z\000u\000r\000e\000\040\000C\000o\000s\000m\000o\000s\000\040\000D\000B}{}% 43
\BOOKMARK [1][-]{section.5.1}{\376\377\000A\000z\000u\000r\000e\000\040\000C\000o\000s\000m\000o\000s\000\040\000D\000B}{chapter.5}% 44
\BOOKMARK [1][-]{section.5.2}{\376\377\004\043\004\100\004\076\004\062\004\075\004\070\000\040\004\101\004\076\004\063\004\073\004\060\004\101\004\076\004\062\004\060\004\075\004\075\004\076\004\101\004\102\004\070\000\040\000c\000o\000s\000m\000o\000s\000C\000o\000n\000s\000i\000s\000t\000e\000n\000c\000y\000L\000e\000v\000e\000l\000s}{chapter.5}% 45
\BOOKMARK [2][-]{subsection.5.2.1}{\376\377\004\041\004\102\004\100\004\076\004\063\004\060\004\117\000\040\000\050\004\060\004\075\004\063\004\073\000.\000\040\000s\000t\000r\000o\000n\000g\000\051}{section.5.2}% 46
\BOOKMARK [2][-]{subsection.5.2.2}{\376\377\004\036\004\063\004\100\004\060\004\075\004\070\004\107\004\065\004\075\004\075\004\076\004\065\000\040\004\103\004\101\004\102\004\060\004\100\004\065\004\062\004\060\004\075\004\070\004\065\000\050\004\060\004\075\004\063\004\073\000.\000\040\000b\000o\000u\000n\000d\000e\000d\000\040\000s\000t\000a\000l\000e\000n\000e\000s\000s\000\051}{section.5.2}% 47
\BOOKMARK [2][-]{subsection.5.2.3}{\376\377\004\041\004\065\004\060\004\075\004\101\000\050\004\060\004\075\004\063\004\073\000.\000\040\000s\000e\000s\000s\000i\000o\000n\000\051}{section.5.2}% 48
\BOOKMARK [2][-]{subsection.5.2.4}{\376\377\004\037\004\076\004\101\004\102\004\076\004\117\004\075\004\075\004\113\004\071\000\040\004\077\004\100\004\065\004\104\004\070\004\072\004\101\000\050\004\060\004\075\004\063\004\073\000.\000\040\000c\000o\000n\000s\000i\000s\000t\000e\000n\000t\000\040\000p\000r\000e\000f\000i\000x\000\051}{section.5.2}% 49
\BOOKMARK [2][-]{subsection.5.2.5}{\376\377\004\041\004\073\004\103\004\107\004\060\004\071\004\075\004\060\004\117\000\050\004\060\004\075\004\063\004\073\000.\000\040\000e\000v\000e\000n\000t\000u\000a\000l\000\051}{section.5.2}% 50
\BOOKMARK [1][-]{section.5.3}{\376\377\004\024\004\070\004\067\004\060\004\071\004\075\000\040\004\102\004\065\004\101\004\102\004\060}{chapter.5}% 51
\BOOKMARK [1][-]{section.5.4}{\376\377\004\036\000\040\004\100\004\065\004\060\004\073\004\070\004\067\004\060\004\106\004\070\004\070\000\040\004\102\004\100\004\060\004\075\004\067\004\060\004\072\004\106\004\070\004\071\000\040\004\062\000\040\000A\000z\000u\000r\000e\000\040\000C\000o\000s\000m\000o\000s\000\040\000D\000B}{chapter.5}% 52
\BOOKMARK [1][-]{section.5.5}{\376\377\004\040\004\065\004\067\004\103\004\073\004\114\004\102\004\060\004\102\004\113}{chapter.5}% 53
\BOOKMARK [2][-]{subsection.5.5.1}{\376\377\004\041\004\102\004\100\004\076\004\063\004\060\004\117\000\040\000\050\004\060\004\075\004\063\004\073\000.\000\040\000s\000t\000r\000o\000n\000g\000\051}{section.5.5}% 54
\BOOKMARK [2][-]{subsection.5.5.2}{\376\377\004\036\004\063\004\100\004\060\004\075\004\070\004\107\004\065\004\075\004\075\004\076\004\065\000\040\004\103\004\101\004\102\004\060\004\100\004\065\004\062\004\060\004\075\004\070\004\065\000\050\004\060\004\075\004\063\004\073\000.\000\040\000b\000o\000u\000n\000d\000e\000d\000\040\000s\000t\000a\000l\000e\000n\000e\000s\000s\000\051}{section.5.5}% 55
\BOOKMARK [2][-]{subsection.5.5.3}{\376\377\004\041\004\065\004\060\004\075\004\101\000\050\004\060\004\075\004\063\004\073\000.\000\040\000s\000e\000s\000s\000i\000o\000n\000\051}{section.5.5}% 56
\BOOKMARK [2][-]{subsection.5.5.4}{\376\377\004\037\004\076\004\101\004\102\004\076\004\117\004\075\004\075\004\113\004\071\000\040\004\077\004\100\004\065\004\104\004\070\004\072\004\101\000\050\004\060\004\075\004\063\004\073\000.\000\040\000c\000o\000n\000s\000i\000s\000t\000e\000n\000t\000\040\000p\000r\000e\000f\000i\000x\000\051}{section.5.5}% 57
\BOOKMARK [2][-]{subsection.5.5.5}{\376\377\004\041\004\073\004\103\004\107\004\060\004\071\004\075\004\060\004\117\000\050\004\060\004\075\004\063\004\073\000.\000\040\000e\000v\000e\000n\000t\000u\000a\000l\000\051}{section.5.5}% 58
\BOOKMARK [0][-]{chapter.6}{\376\377\004\027\004\060\004\072\004\073\004\116\004\107\004\065\004\075\004\070\004\065}{}% 59
